  cpu_core.c
  cpu_c.c
  lib_ascii.c
  lib_math.c
  lib_mem.c
  lib_str.c
  os_cpu_c.c
  os_core.c
  os_dbg_r.c
  os_flag.c
  os_mbox.c
C:\Users\zzz90\Desktop\RTOS_M11407517_PA1\RTOS_M11407517_PA1\Micrium\Software\uCOS-II\Source\os_core.c(644,5): warning C4013: 'OSInitHookEnd' 未定義; 假設 extern 傳回整數
C:\Users\zzz90\Desktop\RTOS_M11407517_PA1\RTOS_M11407517_PA1\Micrium\Software\uCOS-II\Source\os_core.c(732,29): warning C4013: 'LOG_print' 未定義; 假設 extern 傳回整數
C:\Users\zzz90\Desktop\RTOS_M11407517_PA1\RTOS_M11407517_PA1\Micrium\Software\uCOS-II\Source\os_core.c(1018,13): warning C4013: 'exit' 未定義; 假設 extern 傳回整數
C:\Users\zzz90\Desktop\RTOS_M11407517_PA1\RTOS_M11407517_PA1\Micrium\Software\uCOS-II\Source\os_core.c(1903,21): warning C4244: '=': 將 'INT16U' 轉換為 'INT8U'，由於類型不同，可能導致資料遺失
C:\Users\zzz90\Desktop\RTOS_M11407517_PA1\RTOS_M11407517_PA1\Micrium\Software\uCOS-II\Source\os_core.c(2267,16): warning C4477: 'printf' : 格式字串 '%x' 需要 'unsigned int' 類型的引數，但 variadic 引數 1 的類型為 'os_tcb *'
C:\Users\zzz90\Desktop\RTOS_M11407517_PA1\RTOS_M11407517_PA1\Micrium\Software\uCOS-II\Source\os_core.c(2268,16): warning C4477: 'printf' : 格式字串 '%x' 需要 'unsigned int' 類型的引數，但 variadic 引數 1 的類型為 'OS_TCB *'
C:\Users\zzz90\Desktop\RTOS_M11407517_PA1\RTOS_M11407517_PA1\Micrium\Software\uCOS-II\Source\os_core.c(2269,16): warning C4477: 'printf' : 格式字串 '%x' 需要 'unsigned int' 類型的引數，但 variadic 引數 1 的類型為 'os_tcb *'
  os_mem.c
  os_mutex.c
  os_q.c
  os_sem.c
  os_task.c
  os_time.c
  os_tmr.c
  bsp_cpu.c
  app_hooks.c
C:\Users\zzz90\Desktop\RTOS_M11407517_PA1\RTOS_M11407517_PA1\Microsoft\Windows\Kernel\OS2\app_hooks.c(107,27): warning C4013: 'atoi' 未定義; 假設 extern 傳回整數
  正在產生程式碼...
  正在編譯...
  main.c
C:\Users\zzz90\Desktop\RTOS_M11407517_PA1\RTOS_M11407517_PA1\Microsoft\Windows\Kernel\OS2\main.c(114,13): warning C4013: 'LOG_print' 未定義; 假設 extern 傳回整數
C:\Users\zzz90\Desktop\RTOS_M11407517_PA1\RTOS_M11407517_PA1\Microsoft\Windows\Kernel\OS2\main.c(182,16): warning C4013: 'malloc' 未定義; 假設 extern 傳回整數
C:\Users\zzz90\Desktop\RTOS_M11407517_PA1\RTOS_M11407517_PA1\Microsoft\Windows\Kernel\OS2\main.c(182,14): warning C4047: '=': 'OS_STK **' 與 'int' 間接取值的層級不同
C:\Users\zzz90\Desktop\RTOS_M11407517_PA1\RTOS_M11407517_PA1\Microsoft\Windows\Kernel\OS2\main.c(206,21): warning C4047: '=': 'OS_STK *' 與 'int' 間接取值的層級不同
C:\Users\zzz90\Desktop\RTOS_M11407517_PA1\RTOS_M11407517_PA1\Microsoft\Windows\Kernel\OS2\main.c(210,29): warning C4244: '函式': 將 'INT16U' 轉換為 'INT8U'，由於類型不同，可能導致資料遺失
C:\Users\zzz90\Desktop\RTOS_M11407517_PA1\RTOS_M11407517_PA1\Microsoft\Windows\Kernel\OS2\main.c(230,16): warning C4477: 'printf' : 格式字串 '%10x' 需要 'unsigned int' 類型的引數，但 variadic 引數 2 的類型為 'os_tcb *'
C:\Users\zzz90\Desktop\RTOS_M11407517_PA1\RTOS_M11407517_PA1\Microsoft\Windows\Kernel\OS2\main.c(230,16): warning C4477: 'printf' : 格式字串 '%10x' 需要 'unsigned int' 類型的引數，但 variadic 引數 3 的類型為 'OS_TCB *'
C:\Users\zzz90\Desktop\RTOS_M11407517_PA1\RTOS_M11407517_PA1\Microsoft\Windows\Kernel\OS2\main.c(230,16): warning C4477: 'printf' : 格式字串 '%10x' 需要 'unsigned int' 類型的引數，但 variadic 引數 4 的類型為 'os_tcb *'
  正在產生程式碼...
  OS2.vcxproj -> C:\Users\zzz90\Desktop\RTOS_M11407517_PA1\RTOS_M11407517_PA1\Microsoft\Windows\Kernel\OS2\VS\Debug\OS2.exe
